[0.009s] Invoking command in '/home/pcy/Documents/ros2_ws/build/motion_capture_tracking_interfaces': CONDA_PROMPT_MODIFIER=(humble) /home/pcy/micromamba/envs/humble/bin/cmake /home/pcy/Documents/ros2_ws/src/motion_capture_tracking/motion_capture_tracking_interfaces -DAMENT_CMAKE_SYMLINK_INSTALL=1 -DCMAKE_INSTALL_PREFIX=/home/pcy/Documents/ros2_ws/install/motion_capture_tracking_interfaces
[0.096s] -- The C compiler identification is GNU 11.3.0
[0.147s] -- The CXX compiler identification is GNU 11.3.0
[0.155s] -- Detecting C compiler ABI info
[0.197s] -- Detecting C compiler ABI info - done
[0.207s] -- Check for working C compiler: /home/pcy/micromamba/envs/humble/bin/x86_64-conda-linux-gnu-cc - skipped
[0.207s] -- Detecting C compile features
[0.207s] -- Detecting C compile features - done
[0.210s] -- Detecting CXX compiler ABI info
[0.257s] -- Detecting CXX compiler ABI info - done
[0.267s] -- Check for working CXX compiler: /home/pcy/micromamba/envs/humble/bin/x86_64-conda-linux-gnu-c++ - skipped
[0.267s] -- Detecting CXX compile features
[0.267s] -- Detecting CXX compile features - done
[0.271s] -- Found ament_cmake: 1.3.3 (/home/pcy/micromamba/envs/humble/share/ament_cmake/cmake)
[1.049s] -- Found Python3: /home/pcy/micromamba/envs/humble/bin/python3.10 (found version "3.10.9") found components: Interpreter 
[1.106s] -- Override CMake install command with custom implementation using symlinks instead of copying resources
[1.150s] -- Found builtin_interfaces: 1.2.1 (/home/pcy/micromamba/envs/humble/share/builtin_interfaces/cmake)
[1.184s] -- Found rosidl_generator_c: 3.1.4 (/home/pcy/micromamba/envs/humble/share/rosidl_generator_c/cmake)
[1.192s] -- Found rosidl_adapter: 3.1.4 (/home/pcy/micromamba/envs/humble/share/rosidl_adapter/cmake)
[1.201s] -- Found rosidl_generator_cpp: 3.1.4 (/home/pcy/micromamba/envs/humble/share/rosidl_generator_cpp/cmake)
[1.218s] -- Using all available rosidl_typesupport_c: rosidl_typesupport_fastrtps_c;rosidl_typesupport_introspection_c
[1.239s] -- Using all available rosidl_typesupport_cpp: rosidl_typesupport_fastrtps_cpp;rosidl_typesupport_introspection_cpp
[1.259s] -- Found geometry_msgs: 4.2.3 (/home/pcy/micromamba/envs/humble/share/geometry_msgs/cmake)
[1.341s] -- Found rosidl_default_generators: 1.2.0 (/home/pcy/micromamba/envs/humble/share/rosidl_default_generators/cmake)
[1.529s] -- Found ament_cmake_cppcheck: 0.12.5 (/home/pcy/micromamba/envs/humble/share/ament_cmake_cppcheck/cmake)
[1.532s] -- Found ament_cmake_cpplint: 0.12.5 (/home/pcy/micromamba/envs/humble/share/ament_cmake_cpplint/cmake)
[1.536s] -- Found ament_cmake_uncrustify: 0.12.5 (/home/pcy/micromamba/envs/humble/share/ament_cmake_uncrustify/cmake)
[1.539s] -- Found ament_cmake_ros: 0.10.0 (/home/pcy/micromamba/envs/humble/share/ament_cmake_ros/cmake)
[1.759s] -- Using all available rosidl_typesupport_c: rosidl_typesupport_fastrtps_c;rosidl_typesupport_introspection_c
[1.840s] -- Using all available rosidl_typesupport_cpp: rosidl_typesupport_fastrtps_cpp;rosidl_typesupport_introspection_cpp
[1.856s] -- Found PythonInterp: /home/pcy/micromamba/envs/humble/bin/python3 (found suitable version "3.10.9", minimum required is "3.6") 
[1.859s] -- Found python_cmake_module: 0.10.0 (/home/pcy/micromamba/envs/humble/share/python_cmake_module/cmake)
[1.875s] -- Found PythonLibs: /home/pcy/micromamba/envs/humble/lib/libpython3.10.so (found suitable version "3.10.9", minimum required is "3.5") 
[1.876s] -- Using PYTHON_EXECUTABLE: /home/pcy/micromamba/envs/humble/bin/python3
[1.876s] -- Using PYTHON_INCLUDE_DIRS: /home/pcy/micromamba/envs/humble/include/python3.10
[1.876s] -- Using PYTHON_LIBRARIES: /home/pcy/micromamba/envs/humble/lib/libpython3.10.so
[1.889s] -- Found PythonExtra: .so  
[2.816s] -- Found Python3: /home/pcy/micromamba/envs/humble/include/python3.10 (found version "3.10.9") found components: Development NumPy Interpreter Development.Module Development.Embed 
[2.879s] -- Found ament_cmake_flake8: 0.12.5 (/home/pcy/micromamba/envs/humble/share/ament_cmake_flake8/cmake)
[2.882s] -- Found ament_cmake_pep257: 0.12.5 (/home/pcy/micromamba/envs/humble/share/ament_cmake_pep257/cmake)
[2.893s] -- Configuring done (2.9s)
[2.922s] -- Generating done (0.0s)
[2.924s] -- Build files have been written to: /home/pcy/Documents/ros2_ws/build/motion_capture_tracking_interfaces
[2.931s] Invoked command in '/home/pcy/Documents/ros2_ws/build/motion_capture_tracking_interfaces' returned '0': CONDA_PROMPT_MODIFIER=(humble) /home/pcy/micromamba/envs/humble/bin/cmake /home/pcy/Documents/ros2_ws/src/motion_capture_tracking/motion_capture_tracking_interfaces -DAMENT_CMAKE_SYMLINK_INSTALL=1 -DCMAKE_INSTALL_PREFIX=/home/pcy/Documents/ros2_ws/install/motion_capture_tracking_interfaces
[2.933s] Invoking command in '/home/pcy/Documents/ros2_ws/build/motion_capture_tracking_interfaces': CONDA_PROMPT_MODIFIER=(humble) /home/pcy/micromamba/envs/humble/bin/cmake --build /home/pcy/Documents/ros2_ws/build/motion_capture_tracking_interfaces -- -j16 -l16
[2.951s] [  2%] [34m[1mGenerating C code for ROS interfaces[0m
[2.955s] [  5%] [34m[1mGenerating C++ code for ROS interfaces[0m
[2.958s] [  5%] Built target ament_cmake_python_symlink_motion_capture_tracking_interfaces
[3.161s] [  7%] [32mBuilding C object CMakeFiles/motion_capture_tracking_interfaces__rosidl_generator_c.dir/rosidl_generator_c/motion_capture_tracking_interfaces/msg/detail/named_pose_array__functions.c.o[0m
[3.162s] [ 10%] [32mBuilding C object CMakeFiles/motion_capture_tracking_interfaces__rosidl_generator_c.dir/rosidl_generator_c/motion_capture_tracking_interfaces/msg/detail/named_pose__functions.c.o[0m
[3.163s] [ 10%] Built target motion_capture_tracking_interfaces__cpp
[3.168s] [ 15%] [34m[1mGenerating C++ introspection for ROS interfaces[0m
[3.168s] [ 15%] [34m[1mGenerating C++ type support dispatch for ROS interfaces[0m
[3.169s] [ 17%] [34m[1mGenerating C++ type support for eProsima Fast-RTPS[0m
[3.242s] [ 20%] [32m[1mLinking C shared library libmotion_capture_tracking_interfaces__rosidl_generator_c.so[0m
[3.264s] [ 20%] Built target motion_capture_tracking_interfaces__rosidl_generator_c
[3.270s] [ 23%] [34m[1mGenerating C introspection for ROS interfaces[0m
[3.270s] [ 28%] [34m[1mGenerating C type support dispatch for ROS interfaces[0m
[3.270s] [ 28%] [34m[1mGenerating C type support for eProsima Fast-RTPS[0m
[3.365s] [ 33%] [32mBuilding CXX object CMakeFiles/motion_capture_tracking_interfaces__rosidl_typesupport_introspection_cpp.dir/rosidl_typesupport_introspection_cpp/motion_capture_tracking_interfaces/msg/detail/named_pose__type_support.cpp.o[0m
[3.365s] [ 33%] [32mBuilding CXX object CMakeFiles/motion_capture_tracking_interfaces__rosidl_typesupport_introspection_cpp.dir/rosidl_typesupport_introspection_cpp/motion_capture_tracking_interfaces/msg/detail/named_pose_array__type_support.cpp.o[0m
[3.437s] running egg_info
[3.438s] creating motion_capture_tracking_interfaces.egg-info
[3.438s] [ 38%] [32mBuilding CXX object CMakeFiles/motion_capture_tracking_interfaces__rosidl_typesupport_cpp.dir/rosidl_typesupport_cpp/motion_capture_tracking_interfaces/msg/named_pose__type_support.cpp.o[0m
[3.438s] [ 38%] [32mBuilding CXX object CMakeFiles/motion_capture_tracking_interfaces__rosidl_typesupport_cpp.dir/rosidl_typesupport_cpp/motion_capture_tracking_interfaces/msg/named_pose_array__type_support.cpp.o[0m
[3.467s] [ 43%] [32mBuilding CXX object CMakeFiles/motion_capture_tracking_interfaces__rosidl_typesupport_fastrtps_cpp.dir/rosidl_typesupport_fastrtps_cpp/motion_capture_tracking_interfaces/msg/detail/dds_fastrtps/named_pose__type_support.cpp.o[0m
[3.468s] [ 43%] [32mBuilding CXX object CMakeFiles/motion_capture_tracking_interfaces__rosidl_typesupport_fastrtps_cpp.dir/rosidl_typesupport_fastrtps_cpp/motion_capture_tracking_interfaces/msg/detail/dds_fastrtps/named_pose_array__type_support.cpp.o[0m
[3.519s] writing motion_capture_tracking_interfaces.egg-info/PKG-INFO
[3.557s] [ 48%] [32mBuilding CXX object CMakeFiles/motion_capture_tracking_interfaces__rosidl_typesupport_c.dir/rosidl_typesupport_c/motion_capture_tracking_interfaces/msg/named_pose__type_support.cpp.o[0m
[3.557s] [ 48%] [32mBuilding CXX object CMakeFiles/motion_capture_tracking_interfaces__rosidl_typesupport_c.dir/rosidl_typesupport_c/motion_capture_tracking_interfaces/msg/named_pose_array__type_support.cpp.o[0m
[3.580s] [ 53%] [32mBuilding CXX object CMakeFiles/motion_capture_tracking_interfaces__rosidl_typesupport_fastrtps_c.dir/rosidl_typesupport_fastrtps_c/motion_capture_tracking_interfaces/msg/detail/named_pose__type_support_c.cpp.o[0m
[3.580s] [ 53%] [32mBuilding CXX object CMakeFiles/motion_capture_tracking_interfaces__rosidl_typesupport_fastrtps_c.dir/rosidl_typesupport_fastrtps_c/motion_capture_tracking_interfaces/msg/detail/named_pose_array__type_support_c.cpp.o[0m
[3.594s] [ 56%] [32m[1mLinking CXX shared library libmotion_capture_tracking_interfaces__rosidl_typesupport_c.so[0m
[3.603s] writing dependency_links to motion_capture_tracking_interfaces.egg-info/dependency_links.txt
[3.610s] [ 61%] [32mBuilding C object CMakeFiles/motion_capture_tracking_interfaces__rosidl_typesupport_introspection_c.dir/rosidl_typesupport_introspection_c/motion_capture_tracking_interfaces/msg/detail/named_pose__type_support.c.o[0m
[3.610s] [ 61%] [32mBuilding C object CMakeFiles/motion_capture_tracking_interfaces__rosidl_typesupport_introspection_c.dir/rosidl_typesupport_introspection_c/motion_capture_tracking_interfaces/msg/detail/named_pose_array__type_support.c.o[0m
[3.633s] [ 61%] Built target motion_capture_tracking_interfaces__rosidl_typesupport_c
[3.664s] [ 64%] [32m[1mLinking C shared library libmotion_capture_tracking_interfaces__rosidl_typesupport_introspection_c.so[0m
[3.696s] [ 64%] Built target motion_capture_tracking_interfaces__rosidl_typesupport_introspection_c
[3.868s] [ 66%] [32m[1mLinking CXX shared library libmotion_capture_tracking_interfaces__rosidl_typesupport_cpp.so[0m
[3.908s] [ 66%] Built target motion_capture_tracking_interfaces__rosidl_typesupport_cpp
[3.967s] [ 69%] [32m[1mLinking CXX shared library libmotion_capture_tracking_interfaces__rosidl_typesupport_introspection_cpp.so[0m
[3.970s] writing top-level names to motion_capture_tracking_interfaces.egg-info/top_level.txt
[3.970s] writing manifest file 'motion_capture_tracking_interfaces.egg-info/SOURCES.txt'
[4.021s] [ 69%] Built target motion_capture_tracking_interfaces__rosidl_typesupport_introspection_cpp
[4.026s] [ 71%] [32m[1mLinking CXX shared library libmotion_capture_tracking_interfaces__rosidl_typesupport_fastrtps_cpp.so[0m
[4.039s] reading manifest file 'motion_capture_tracking_interfaces.egg-info/SOURCES.txt'
[4.039s] writing manifest file 'motion_capture_tracking_interfaces.egg-info/SOURCES.txt'
[4.087s] [ 74%] [32m[1mLinking CXX shared library libmotion_capture_tracking_interfaces__rosidl_typesupport_fastrtps_c.so[0m
[4.089s] [ 74%] Built target ament_cmake_python_build_motion_capture_tracking_interfaces_egg
[4.094s] [ 74%] Built target motion_capture_tracking_interfaces__rosidl_typesupport_fastrtps_cpp
[4.170s] [ 74%] Built target motion_capture_tracking_interfaces__rosidl_typesupport_fastrtps_c
[4.184s] [ 74%] Built target motion_capture_tracking_interfaces
[4.202s] [ 76%] [34m[1mGenerating Python code for ROS interfaces[0m
[4.594s] [ 76%] Built target motion_capture_tracking_interfaces__py
[4.604s] [ 79%] [32mBuilding C object CMakeFiles/motion_capture_tracking_interfaces__rosidl_generator_py.dir/rosidl_generator_py/motion_capture_tracking_interfaces/msg/_named_pose_s.c.o[0m
[4.604s] [ 82%] [32mBuilding C object CMakeFiles/motion_capture_tracking_interfaces__rosidl_generator_py.dir/rosidl_generator_py/motion_capture_tracking_interfaces/msg/_named_pose_array_s.c.o[0m
[4.707s] [ 84%] [32m[1mLinking C shared library rosidl_generator_py/motion_capture_tracking_interfaces/libmotion_capture_tracking_interfaces__rosidl_generator_py.so[0m
[4.732s] [ 84%] Built target motion_capture_tracking_interfaces__rosidl_generator_py
[4.741s] [ 89%] [32mBuilding C object CMakeFiles/motion_capture_tracking_interfaces__rosidl_typesupport_c__pyext.dir/rosidl_generator_py/motion_capture_tracking_interfaces/_motion_capture_tracking_interfaces_s.ep.rosidl_typesupport_c.c.o[0m
[4.741s] [ 89%] [32mBuilding C object CMakeFiles/motion_capture_tracking_interfaces__rosidl_typesupport_introspection_c__pyext.dir/rosidl_generator_py/motion_capture_tracking_interfaces/_motion_capture_tracking_interfaces_s.ep.rosidl_typesupport_introspection_c.c.o[0m
[4.744s] [ 92%] [32mBuilding C object CMakeFiles/motion_capture_tracking_interfaces__rosidl_typesupport_fastrtps_c__pyext.dir/rosidl_generator_py/motion_capture_tracking_interfaces/_motion_capture_tracking_interfaces_s.ep.rosidl_typesupport_fastrtps_c.c.o[0m
[4.820s] [ 94%] [32m[1mLinking C shared library rosidl_generator_py/motion_capture_tracking_interfaces/motion_capture_tracking_interfaces_s__rosidl_typesupport_introspection_c.cpython-310-x86_64-linux-gnu.so[0m
[4.826s] [ 97%] [32m[1mLinking C shared library rosidl_generator_py/motion_capture_tracking_interfaces/motion_capture_tracking_interfaces_s__rosidl_typesupport_c.cpython-310-x86_64-linux-gnu.so[0m
[4.844s] [ 97%] Built target motion_capture_tracking_interfaces__rosidl_typesupport_introspection_c__pyext
[4.858s] [ 97%] Built target motion_capture_tracking_interfaces__rosidl_typesupport_c__pyext
[4.878s] [100%] [32m[1mLinking C shared library rosidl_generator_py/motion_capture_tracking_interfaces/motion_capture_tracking_interfaces_s__rosidl_typesupport_fastrtps_c.cpython-310-x86_64-linux-gnu.so[0m
[4.975s] [100%] Built target motion_capture_tracking_interfaces__rosidl_typesupport_fastrtps_c__pyext
[5.013s] Invoked command in '/home/pcy/Documents/ros2_ws/build/motion_capture_tracking_interfaces' returned '0': CONDA_PROMPT_MODIFIER=(humble) /home/pcy/micromamba/envs/humble/bin/cmake --build /home/pcy/Documents/ros2_ws/build/motion_capture_tracking_interfaces -- -j16 -l16
[5.226s] Invoking command in '/home/pcy/Documents/ros2_ws/build/motion_capture_tracking_interfaces': CONDA_PROMPT_MODIFIER=(humble) /home/pcy/micromamba/envs/humble/bin/cmake --install /home/pcy/Documents/ros2_ws/build/motion_capture_tracking_interfaces
[5.232s] -- Install configuration: ""
[5.233s] -- Execute custom install script
[5.234s] -- Symlinking: /home/pcy/Documents/ros2_ws/install/motion_capture_tracking_interfaces/share/ament_index/resource_index/rosidl_interfaces/motion_capture_tracking_interfaces
[5.241s] -- Symlinking: /home/pcy/Documents/ros2_ws/install/motion_capture_tracking_interfaces/include/motion_capture_tracking_interfaces/motion_capture_tracking_interfaces/msg/detail/named_pose__functions.h
[5.248s] -- Symlinking: /home/pcy/Documents/ros2_ws/install/motion_capture_tracking_interfaces/include/motion_capture_tracking_interfaces/motion_capture_tracking_interfaces/msg/detail/named_pose__struct.h
[5.254s] -- Symlinking: /home/pcy/Documents/ros2_ws/install/motion_capture_tracking_interfaces/include/motion_capture_tracking_interfaces/motion_capture_tracking_interfaces/msg/detail/named_pose__type_support.h
[5.264s] -- Symlinking: /home/pcy/Documents/ros2_ws/install/motion_capture_tracking_interfaces/include/motion_capture_tracking_interfaces/motion_capture_tracking_interfaces/msg/detail/named_pose_array__functions.h
[5.275s] -- Symlinking: /home/pcy/Documents/ros2_ws/install/motion_capture_tracking_interfaces/include/motion_capture_tracking_interfaces/motion_capture_tracking_interfaces/msg/detail/named_pose_array__struct.h
[5.281s] -- Symlinking: /home/pcy/Documents/ros2_ws/install/motion_capture_tracking_interfaces/include/motion_capture_tracking_interfaces/motion_capture_tracking_interfaces/msg/detail/named_pose_array__type_support.h
[5.285s] -- Symlinking: /home/pcy/Documents/ros2_ws/install/motion_capture_tracking_interfaces/include/motion_capture_tracking_interfaces/motion_capture_tracking_interfaces/msg/named_pose.h
[5.291s] -- Symlinking: /home/pcy/Documents/ros2_ws/install/motion_capture_tracking_interfaces/include/motion_capture_tracking_interfaces/motion_capture_tracking_interfaces/msg/named_pose_array.h
[5.296s] -- Symlinking: /home/pcy/Documents/ros2_ws/install/motion_capture_tracking_interfaces/include/motion_capture_tracking_interfaces/motion_capture_tracking_interfaces/msg/rosidl_generator_c__visibility_control.h
[5.302s] -- Symlinking: /home/pcy/Documents/ros2_ws/install/motion_capture_tracking_interfaces/include/motion_capture_tracking_interfaces/motion_capture_tracking_interfaces/msg/detail/named_pose__rosidl_typesupport_fastrtps_c.h
[5.307s] -- Symlinking: /home/pcy/Documents/ros2_ws/install/motion_capture_tracking_interfaces/include/motion_capture_tracking_interfaces/motion_capture_tracking_interfaces/msg/detail/named_pose_array__rosidl_typesupport_fastrtps_c.h
[5.313s] -- Symlinking: /home/pcy/Documents/ros2_ws/install/motion_capture_tracking_interfaces/include/motion_capture_tracking_interfaces/motion_capture_tracking_interfaces/msg/rosidl_typesupport_fastrtps_c__visibility_control.h
[5.319s] -- Symlinking: /home/pcy/Documents/ros2_ws/install/motion_capture_tracking_interfaces/include/motion_capture_tracking_interfaces/motion_capture_tracking_interfaces/msg/detail/named_pose__builder.hpp
[5.337s] -- Symlinking: /home/pcy/Documents/ros2_ws/install/motion_capture_tracking_interfaces/include/motion_capture_tracking_interfaces/motion_capture_tracking_interfaces/msg/detail/named_pose__struct.hpp
[5.357s] -- Symlinking: /home/pcy/Documents/ros2_ws/install/motion_capture_tracking_interfaces/include/motion_capture_tracking_interfaces/motion_capture_tracking_interfaces/msg/detail/named_pose__traits.hpp
[5.366s] -- Symlinking: /home/pcy/Documents/ros2_ws/install/motion_capture_tracking_interfaces/include/motion_capture_tracking_interfaces/motion_capture_tracking_interfaces/msg/detail/named_pose_array__builder.hpp
[5.374s] -- Symlinking: /home/pcy/Documents/ros2_ws/install/motion_capture_tracking_interfaces/include/motion_capture_tracking_interfaces/motion_capture_tracking_interfaces/msg/detail/named_pose_array__struct.hpp
[5.386s] -- Symlinking: /home/pcy/Documents/ros2_ws/install/motion_capture_tracking_interfaces/include/motion_capture_tracking_interfaces/motion_capture_tracking_interfaces/msg/detail/named_pose_array__traits.hpp
[5.397s] -- Symlinking: /home/pcy/Documents/ros2_ws/install/motion_capture_tracking_interfaces/include/motion_capture_tracking_interfaces/motion_capture_tracking_interfaces/msg/named_pose.hpp
[5.403s] -- Symlinking: /home/pcy/Documents/ros2_ws/install/motion_capture_tracking_interfaces/include/motion_capture_tracking_interfaces/motion_capture_tracking_interfaces/msg/named_pose_array.hpp
[5.415s] -- Symlinking: /home/pcy/Documents/ros2_ws/install/motion_capture_tracking_interfaces/include/motion_capture_tracking_interfaces/motion_capture_tracking_interfaces/msg/detail/named_pose__rosidl_typesupport_fastrtps_cpp.hpp
[5.425s] -- Symlinking: /home/pcy/Documents/ros2_ws/install/motion_capture_tracking_interfaces/include/motion_capture_tracking_interfaces/motion_capture_tracking_interfaces/msg/detail/named_pose_array__rosidl_typesupport_fastrtps_cpp.hpp
[5.434s] -- Symlinking: /home/pcy/Documents/ros2_ws/install/motion_capture_tracking_interfaces/include/motion_capture_tracking_interfaces/motion_capture_tracking_interfaces/msg/rosidl_typesupport_fastrtps_cpp__visibility_control.h
[5.443s] -- Symlinking: /home/pcy/Documents/ros2_ws/install/motion_capture_tracking_interfaces/include/motion_capture_tracking_interfaces/motion_capture_tracking_interfaces/msg/detail/named_pose__rosidl_typesupport_introspection_c.h
[5.454s] -- Symlinking: /home/pcy/Documents/ros2_ws/install/motion_capture_tracking_interfaces/include/motion_capture_tracking_interfaces/motion_capture_tracking_interfaces/msg/detail/named_pose_array__rosidl_typesupport_introspection_c.h
[5.477s] -- Symlinking: /home/pcy/Documents/ros2_ws/install/motion_capture_tracking_interfaces/include/motion_capture_tracking_interfaces/motion_capture_tracking_interfaces/msg/rosidl_typesupport_introspection_c__visibility_control.h
[5.485s] -- Symlinking: /home/pcy/Documents/ros2_ws/install/motion_capture_tracking_interfaces/include/motion_capture_tracking_interfaces/motion_capture_tracking_interfaces/msg/detail/named_pose__rosidl_typesupport_introspection_cpp.hpp
[5.494s] -- Symlinking: /home/pcy/Documents/ros2_ws/install/motion_capture_tracking_interfaces/include/motion_capture_tracking_interfaces/motion_capture_tracking_interfaces/msg/detail/named_pose_array__rosidl_typesupport_introspection_cpp.hpp
[5.502s] -- Symlinking: /home/pcy/Documents/ros2_ws/install/motion_capture_tracking_interfaces/share/motion_capture_tracking_interfaces/environment/pythonpath.sh
[5.515s] -- Symlinking: /home/pcy/Documents/ros2_ws/install/motion_capture_tracking_interfaces/share/motion_capture_tracking_interfaces/environment/pythonpath.dsv
[5.526s] -- Symlinking: /home/pcy/Documents/ros2_ws/install/motion_capture_tracking_interfaces/lib/python3.10/site-packages/motion_capture_tracking_interfaces-1.0.0-py3.10.egg-info/PKG-INFO
[5.547s] -- Symlinking: /home/pcy/Documents/ros2_ws/install/motion_capture_tracking_interfaces/lib/python3.10/site-packages/motion_capture_tracking_interfaces-1.0.0-py3.10.egg-info/SOURCES.txt
[5.563s] -- Symlinking: /home/pcy/Documents/ros2_ws/install/motion_capture_tracking_interfaces/lib/python3.10/site-packages/motion_capture_tracking_interfaces-1.0.0-py3.10.egg-info/dependency_links.txt
[5.585s] -- Symlinking: /home/pcy/Documents/ros2_ws/install/motion_capture_tracking_interfaces/lib/python3.10/site-packages/motion_capture_tracking_interfaces-1.0.0-py3.10.egg-info/top_level.txt
[5.601s] -- Symlinking: /home/pcy/Documents/ros2_ws/install/motion_capture_tracking_interfaces/lib/python3.10/site-packages/motion_capture_tracking_interfaces/__init__.py
[5.612s] -- Symlinking: /home/pcy/Documents/ros2_ws/install/motion_capture_tracking_interfaces/lib/python3.10/site-packages/motion_capture_tracking_interfaces/_motion_capture_tracking_interfaces_s.ep.rosidl_typesupport_c.c
[5.622s] -- Symlinking: /home/pcy/Documents/ros2_ws/install/motion_capture_tracking_interfaces/lib/python3.10/site-packages/motion_capture_tracking_interfaces/_motion_capture_tracking_interfaces_s.ep.rosidl_typesupport_fastrtps_c.c
[5.644s] -- Symlinking: /home/pcy/Documents/ros2_ws/install/motion_capture_tracking_interfaces/lib/python3.10/site-packages/motion_capture_tracking_interfaces/_motion_capture_tracking_interfaces_s.ep.rosidl_typesupport_introspection_c.c
[5.657s] -- Symlinking: /home/pcy/Documents/ros2_ws/install/motion_capture_tracking_interfaces/lib/python3.10/site-packages/motion_capture_tracking_interfaces/libmotion_capture_tracking_interfaces__rosidl_generator_py.so
[5.663s] -- Symlinking: /home/pcy/Documents/ros2_ws/install/motion_capture_tracking_interfaces/lib/python3.10/site-packages/motion_capture_tracking_interfaces/motion_capture_tracking_interfaces_s__rosidl_typesupport_c.cpython-310-x86_64-linux-gnu.so
[5.695s] -- Symlinking: /home/pcy/Documents/ros2_ws/install/motion_capture_tracking_interfaces/lib/python3.10/site-packages/motion_capture_tracking_interfaces/motion_capture_tracking_interfaces_s__rosidl_typesupport_fastrtps_c.cpython-310-x86_64-linux-gnu.so
[5.700s] -- Symlinking: /home/pcy/Documents/ros2_ws/install/motion_capture_tracking_interfaces/lib/python3.10/site-packages/motion_capture_tracking_interfaces/motion_capture_tracking_interfaces_s__rosidl_typesupport_introspection_c.cpython-310-x86_64-linux-gnu.so
[5.707s] -- Symlinking: /home/pcy/Documents/ros2_ws/install/motion_capture_tracking_interfaces/lib/python3.10/site-packages/motion_capture_tracking_interfaces/msg/__init__.py
[5.717s] -- Symlinking: /home/pcy/Documents/ros2_ws/install/motion_capture_tracking_interfaces/lib/python3.10/site-packages/motion_capture_tracking_interfaces/msg/_named_pose.py
[5.723s] -- Symlinking: /home/pcy/Documents/ros2_ws/install/motion_capture_tracking_interfaces/lib/python3.10/site-packages/motion_capture_tracking_interfaces/msg/_named_pose_array.py
[5.729s] -- Symlinking: /home/pcy/Documents/ros2_ws/install/motion_capture_tracking_interfaces/lib/python3.10/site-packages/motion_capture_tracking_interfaces/msg/_named_pose_array_s.c
[5.735s] -- Symlinking: /home/pcy/Documents/ros2_ws/install/motion_capture_tracking_interfaces/lib/python3.10/site-packages/motion_capture_tracking_interfaces/msg/_named_pose_s.c
[5.745s] -- Up-to-date symlink: /home/pcy/Documents/ros2_ws/install/motion_capture_tracking_interfaces/lib/python3.10/site-packages/motion_capture_tracking_interfaces/motion_capture_tracking_interfaces_s__rosidl_typesupport_fastrtps_c.cpython-310-x86_64-linux-gnu.so
[5.745s] -- Up-to-date symlink: /home/pcy/Documents/ros2_ws/install/motion_capture_tracking_interfaces/lib/python3.10/site-packages/motion_capture_tracking_interfaces/motion_capture_tracking_interfaces_s__rosidl_typesupport_introspection_c.cpython-310-x86_64-linux-gnu.so
[5.746s] -- Up-to-date symlink: /home/pcy/Documents/ros2_ws/install/motion_capture_tracking_interfaces/lib/python3.10/site-packages/motion_capture_tracking_interfaces/motion_capture_tracking_interfaces_s__rosidl_typesupport_c.cpython-310-x86_64-linux-gnu.so
[5.746s] -- Symlinking: /home/pcy/Documents/ros2_ws/install/motion_capture_tracking_interfaces/share/motion_capture_tracking_interfaces/msg/NamedPose.idl
[5.755s] -- Symlinking: /home/pcy/Documents/ros2_ws/install/motion_capture_tracking_interfaces/share/motion_capture_tracking_interfaces/msg/NamedPoseArray.idl
[5.767s] -- Symlinking: /home/pcy/Documents/ros2_ws/install/motion_capture_tracking_interfaces/share/motion_capture_tracking_interfaces/msg/NamedPose.msg
[5.777s] -- Symlinking: /home/pcy/Documents/ros2_ws/install/motion_capture_tracking_interfaces/share/motion_capture_tracking_interfaces/msg/NamedPoseArray.msg
[5.787s] -- Symlinking: /home/pcy/Documents/ros2_ws/install/motion_capture_tracking_interfaces/share/ament_index/resource_index/package_run_dependencies/motion_capture_tracking_interfaces
[5.806s] -- Symlinking: /home/pcy/Documents/ros2_ws/install/motion_capture_tracking_interfaces/share/ament_index/resource_index/parent_prefix_path/motion_capture_tracking_interfaces
[5.827s] -- Symlinking: /home/pcy/Documents/ros2_ws/install/motion_capture_tracking_interfaces/share/motion_capture_tracking_interfaces/environment/ament_prefix_path.sh
[5.834s] -- Symlinking: /home/pcy/Documents/ros2_ws/install/motion_capture_tracking_interfaces/share/motion_capture_tracking_interfaces/environment/ament_prefix_path.dsv
[5.846s] -- Symlinking: /home/pcy/Documents/ros2_ws/install/motion_capture_tracking_interfaces/share/motion_capture_tracking_interfaces/environment/path.sh
[5.860s] -- Symlinking: /home/pcy/Documents/ros2_ws/install/motion_capture_tracking_interfaces/share/motion_capture_tracking_interfaces/environment/path.dsv
[5.867s] -- Symlinking: /home/pcy/Documents/ros2_ws/install/motion_capture_tracking_interfaces/share/motion_capture_tracking_interfaces/local_setup.bash
[5.875s] -- Symlinking: /home/pcy/Documents/ros2_ws/install/motion_capture_tracking_interfaces/share/motion_capture_tracking_interfaces/local_setup.sh
[5.884s] -- Symlinking: /home/pcy/Documents/ros2_ws/install/motion_capture_tracking_interfaces/share/motion_capture_tracking_interfaces/local_setup.zsh
[5.890s] -- Symlinking: /home/pcy/Documents/ros2_ws/install/motion_capture_tracking_interfaces/share/motion_capture_tracking_interfaces/local_setup.dsv
[5.896s] -- Symlinking: /home/pcy/Documents/ros2_ws/install/motion_capture_tracking_interfaces/share/motion_capture_tracking_interfaces/package.dsv
[5.904s] -- Symlinking: /home/pcy/Documents/ros2_ws/install/motion_capture_tracking_interfaces/share/ament_index/resource_index/packages/motion_capture_tracking_interfaces
[5.918s] -- Symlinking: /home/pcy/Documents/ros2_ws/install/motion_capture_tracking_interfaces/share/motion_capture_tracking_interfaces/cmake/rosidl_cmake-extras.cmake
[5.926s] -- Symlinking: /home/pcy/Documents/ros2_ws/install/motion_capture_tracking_interfaces/share/motion_capture_tracking_interfaces/cmake/ament_cmake_export_dependencies-extras.cmake
[5.947s] -- Symlinking: /home/pcy/Documents/ros2_ws/install/motion_capture_tracking_interfaces/share/motion_capture_tracking_interfaces/cmake/ament_cmake_export_include_directories-extras.cmake
[5.955s] -- Symlinking: /home/pcy/Documents/ros2_ws/install/motion_capture_tracking_interfaces/share/motion_capture_tracking_interfaces/cmake/ament_cmake_export_libraries-extras.cmake
[5.967s] -- Symlinking: /home/pcy/Documents/ros2_ws/install/motion_capture_tracking_interfaces/share/motion_capture_tracking_interfaces/cmake/ament_cmake_export_targets-extras.cmake
[5.975s] -- Symlinking: /home/pcy/Documents/ros2_ws/install/motion_capture_tracking_interfaces/share/motion_capture_tracking_interfaces/cmake/rosidl_cmake_export_typesupport_targets-extras.cmake
[5.990s] -- Symlinking: /home/pcy/Documents/ros2_ws/install/motion_capture_tracking_interfaces/share/motion_capture_tracking_interfaces/cmake/rosidl_cmake_export_typesupport_libraries-extras.cmake
[6.005s] -- Symlinking: /home/pcy/Documents/ros2_ws/install/motion_capture_tracking_interfaces/share/motion_capture_tracking_interfaces/cmake/motion_capture_tracking_interfacesConfig.cmake
[6.026s] -- Symlinking: /home/pcy/Documents/ros2_ws/install/motion_capture_tracking_interfaces/share/motion_capture_tracking_interfaces/cmake/motion_capture_tracking_interfacesConfig-version.cmake
[6.040s] -- Symlinking: /home/pcy/Documents/ros2_ws/install/motion_capture_tracking_interfaces/share/motion_capture_tracking_interfaces/package.xml
[6.048s] -- Installing: /home/pcy/Documents/ros2_ws/install/motion_capture_tracking_interfaces/lib/libmotion_capture_tracking_interfaces__rosidl_generator_c.so
[6.049s] -- Installing: /home/pcy/Documents/ros2_ws/install/motion_capture_tracking_interfaces/lib/libmotion_capture_tracking_interfaces__rosidl_typesupport_fastrtps_c.so
[6.050s] -- Set runtime path of "/home/pcy/Documents/ros2_ws/install/motion_capture_tracking_interfaces/lib/libmotion_capture_tracking_interfaces__rosidl_typesupport_fastrtps_c.so" to ""
[6.050s] -- Installing: /home/pcy/Documents/ros2_ws/install/motion_capture_tracking_interfaces/lib/libmotion_capture_tracking_interfaces__rosidl_typesupport_fastrtps_cpp.so
[6.051s] -- Installing: /home/pcy/Documents/ros2_ws/install/motion_capture_tracking_interfaces/lib/libmotion_capture_tracking_interfaces__rosidl_typesupport_introspection_c.so
[6.051s] -- Set runtime path of "/home/pcy/Documents/ros2_ws/install/motion_capture_tracking_interfaces/lib/libmotion_capture_tracking_interfaces__rosidl_typesupport_introspection_c.so" to ""
[6.051s] -- Installing: /home/pcy/Documents/ros2_ws/install/motion_capture_tracking_interfaces/lib/libmotion_capture_tracking_interfaces__rosidl_typesupport_c.so
[6.052s] -- Set runtime path of "/home/pcy/Documents/ros2_ws/install/motion_capture_tracking_interfaces/lib/libmotion_capture_tracking_interfaces__rosidl_typesupport_c.so" to ""
[6.052s] -- Installing: /home/pcy/Documents/ros2_ws/install/motion_capture_tracking_interfaces/lib/libmotion_capture_tracking_interfaces__rosidl_typesupport_introspection_cpp.so
[6.052s] -- Installing: /home/pcy/Documents/ros2_ws/install/motion_capture_tracking_interfaces/lib/libmotion_capture_tracking_interfaces__rosidl_typesupport_cpp.so
[6.101s] Listing 'lib/python3.10/site-packages/motion_capture_tracking_interfaces'...
[6.102s] Can't list 'lib/python3.10/site-packages/motion_capture_tracking_interfaces'
[6.112s] -- Installing: /home/pcy/Documents/ros2_ws/install/motion_capture_tracking_interfaces/lib/libmotion_capture_tracking_interfaces__rosidl_generator_py.so
[6.113s] -- Set runtime path of "/home/pcy/Documents/ros2_ws/install/motion_capture_tracking_interfaces/lib/libmotion_capture_tracking_interfaces__rosidl_generator_py.so" to ""
[6.114s] -- Installing: /home/pcy/Documents/ros2_ws/install/motion_capture_tracking_interfaces/share/motion_capture_tracking_interfaces/cmake/export_motion_capture_tracking_interfaces__rosidl_generator_cExport.cmake
[6.114s] -- Installing: /home/pcy/Documents/ros2_ws/install/motion_capture_tracking_interfaces/share/motion_capture_tracking_interfaces/cmake/export_motion_capture_tracking_interfaces__rosidl_generator_cExport-noconfig.cmake
[6.115s] -- Installing: /home/pcy/Documents/ros2_ws/install/motion_capture_tracking_interfaces/share/motion_capture_tracking_interfaces/cmake/export_motion_capture_tracking_interfaces__rosidl_typesupport_fastrtps_cExport.cmake
[6.115s] -- Installing: /home/pcy/Documents/ros2_ws/install/motion_capture_tracking_interfaces/share/motion_capture_tracking_interfaces/cmake/export_motion_capture_tracking_interfaces__rosidl_typesupport_fastrtps_cExport-noconfig.cmake
[6.115s] -- Installing: /home/pcy/Documents/ros2_ws/install/motion_capture_tracking_interfaces/share/motion_capture_tracking_interfaces/cmake/export_motion_capture_tracking_interfaces__rosidl_generator_cppExport.cmake
[6.116s] -- Installing: /home/pcy/Documents/ros2_ws/install/motion_capture_tracking_interfaces/share/motion_capture_tracking_interfaces/cmake/export_motion_capture_tracking_interfaces__rosidl_typesupport_fastrtps_cppExport.cmake
[6.116s] -- Installing: /home/pcy/Documents/ros2_ws/install/motion_capture_tracking_interfaces/share/motion_capture_tracking_interfaces/cmake/export_motion_capture_tracking_interfaces__rosidl_typesupport_fastrtps_cppExport-noconfig.cmake
[6.117s] -- Installing: /home/pcy/Documents/ros2_ws/install/motion_capture_tracking_interfaces/share/motion_capture_tracking_interfaces/cmake/motion_capture_tracking_interfaces__rosidl_typesupport_introspection_cExport.cmake
[6.117s] -- Installing: /home/pcy/Documents/ros2_ws/install/motion_capture_tracking_interfaces/share/motion_capture_tracking_interfaces/cmake/motion_capture_tracking_interfaces__rosidl_typesupport_introspection_cExport-noconfig.cmake
[6.117s] -- Installing: /home/pcy/Documents/ros2_ws/install/motion_capture_tracking_interfaces/share/motion_capture_tracking_interfaces/cmake/motion_capture_tracking_interfaces__rosidl_typesupport_cExport.cmake
[6.118s] -- Installing: /home/pcy/Documents/ros2_ws/install/motion_capture_tracking_interfaces/share/motion_capture_tracking_interfaces/cmake/motion_capture_tracking_interfaces__rosidl_typesupport_cExport-noconfig.cmake
[6.118s] -- Installing: /home/pcy/Documents/ros2_ws/install/motion_capture_tracking_interfaces/share/motion_capture_tracking_interfaces/cmake/motion_capture_tracking_interfaces__rosidl_typesupport_introspection_cppExport.cmake
[6.119s] -- Installing: /home/pcy/Documents/ros2_ws/install/motion_capture_tracking_interfaces/share/motion_capture_tracking_interfaces/cmake/motion_capture_tracking_interfaces__rosidl_typesupport_introspection_cppExport-noconfig.cmake
[6.119s] -- Installing: /home/pcy/Documents/ros2_ws/install/motion_capture_tracking_interfaces/share/motion_capture_tracking_interfaces/cmake/motion_capture_tracking_interfaces__rosidl_typesupport_cppExport.cmake
[6.119s] -- Installing: /home/pcy/Documents/ros2_ws/install/motion_capture_tracking_interfaces/share/motion_capture_tracking_interfaces/cmake/motion_capture_tracking_interfaces__rosidl_typesupport_cppExport-noconfig.cmake
[6.120s] -- Installing: /home/pcy/Documents/ros2_ws/install/motion_capture_tracking_interfaces/share/motion_capture_tracking_interfaces/cmake/export_motion_capture_tracking_interfaces__rosidl_generator_pyExport.cmake
[6.120s] -- Installing: /home/pcy/Documents/ros2_ws/install/motion_capture_tracking_interfaces/share/motion_capture_tracking_interfaces/cmake/export_motion_capture_tracking_interfaces__rosidl_generator_pyExport-noconfig.cmake
[6.131s] Invoked command in '/home/pcy/Documents/ros2_ws/build/motion_capture_tracking_interfaces' returned '0': CONDA_PROMPT_MODIFIER=(humble) /home/pcy/micromamba/envs/humble/bin/cmake --install /home/pcy/Documents/ros2_ws/build/motion_capture_tracking_interfaces
