-- The C compiler identification is GNU 11.3.0
-- The CXX compiler identification is GNU 11.3.0
-- Detecting C compiler ABI info
-- Detecting C compiler ABI info - done
-- Check for working C compiler: /home/pcy/micromamba/envs/humble/bin/x86_64-conda-linux-gnu-cc - skipped
-- Detecting C compile features
-- Detecting C compile features - done
-- Detecting CXX compiler ABI info
-- Detecting CXX compiler ABI info - done
-- Check for working CXX compiler: /home/pcy/micromamba/envs/humble/bin/x86_64-conda-linux-gnu-c++ - skipped
-- Detecting CXX compile features
-- Detecting CXX compile features - done
-- Found ament_cmake: 1.3.3 (/home/pcy/micromamba/envs/humble/share/ament_cmake/cmake)
-- Found Python3: /home/pcy/micromamba/envs/humble/bin/python3.10 (found version "3.10.9") found components: Interpreter 
-- Override CMake install command with custom implementation using symlinks instead of copying resources
-- Found rclcpp: 16.0.3 (/home/pcy/micromamba/envs/humble/share/rclcpp/cmake)
-- Found rosidl_generator_c: 3.1.4 (/home/pcy/micromamba/envs/humble/share/rosidl_generator_c/cmake)
-- Found rosidl_adapter: 3.1.4 (/home/pcy/micromamba/envs/humble/share/rosidl_adapter/cmake)
-- Found rosidl_generator_cpp: 3.1.4 (/home/pcy/micromamba/envs/humble/share/rosidl_generator_cpp/cmake)
-- Using all available rosidl_typesupport_c: rosidl_typesupport_fastrtps_c;rosidl_typesupport_introspection_c
-- Using all available rosidl_typesupport_cpp: rosidl_typesupport_fastrtps_cpp;rosidl_typesupport_introspection_cpp
-- Checking for module 'yaml-0.1'
--   Found yaml-0.1, version 0.2.5
-- Found rmw_implementation_cmake: 6.1.1 (/home/pcy/micromamba/envs/humble/share/rmw_implementation_cmake/cmake)
-- Found rmw_fastrtps_cpp: 6.2.2 (/home/pcy/micromamba/envs/humble/share/rmw_fastrtps_cpp/cmake)
-- Found OpenSSL: /home/pcy/micromamba/envs/humble/lib/libcrypto.so (found version "3.1.0")  
-- Found FastRTPS: /home/pcy/micromamba/envs/humble/include  
-- Using RMW implementation 'rmw_fastrtps_cpp' as default
-- Performing Test CMAKE_HAVE_LIBC_PTHREAD
-- Performing Test CMAKE_HAVE_LIBC_PTHREAD - Failed
-- Looking for pthread_create in pthreads
-- Looking for pthread_create in pthreads - not found
-- Looking for pthread_create in pthread
-- Looking for pthread_create in pthread - found
-- Found Threads: TRUE  
-- Found tf2_ros: 0.25.2 (/home/pcy/micromamba/envs/humble/share/tf2_ros/cmake)
-- Found sensor_msgs: 4.2.3 (/home/pcy/micromamba/envs/humble/share/sensor_msgs/cmake)
-- Found motion_capture_tracking_interfaces: 1.0.0 (/home/pcy/Documents/ros2_ws/install/motion_capture_tracking_interfaces/share/motion_capture_tracking_interfaces/cmake)
-- Checking for module 'eigen3'
--   Found eigen3, version 3.4.0
-- Found Eigen: /home/pcy/micromamba/envs/humble/include/eigen3 (Required is at least version "3.1") 
-- Eigen found (include: /home/pcy/micromamba/envs/humble/include/eigen3, version: 3.4.0)
-- Found Boost: /home/pcy/micromamba/envs/humble/lib/cmake/Boost-1.78.0/BoostConfig.cmake (found suitable version "1.78.0", minimum required is "1.65.0") found components: system filesystem date_time iostreams 
-- looking for PCL_COMMON
-- Found PCL_COMMON: /home/pcy/micromamba/envs/humble/lib/libpcl_common.so  
-- Found PCL: pcl_common;Boost::system;Boost::filesystem;Boost::date_time;Boost::iostreams  
-- Checking for module 'flann'
--   Found flann, version 1.9.1
-- Found FLANN: /home/pcy/micromamba/envs/humble/lib/libflann_cpp.so  
-- FLANN found (include: /home/pcy/micromamba/envs/humble/include, lib: /home/pcy/micromamba/envs/humble/lib/libflann_cpp.so)
-- Found GLEW: /home/pcy/micromamba/envs/humble/lib/libGLEW.so  
-- Could NOT find OpenGL (missing: OPENGL_opengl_LIBRARY OPENGL_glx_LIBRARY OpenGL) 
-- Found utf8cpp: /home/pcy/micromamba/envs/humble/include  
-- Found ZLIB: /home/pcy/micromamba/envs/humble/lib/libz.so (found version "1.2.13")  
-- Found PNG: /home/pcy/micromamba/envs/humble/lib/libpng.so (found version "1.6.39") 
-- Found nlohmann_json: /home/pcy/micromamba/envs/humble/share/cmake/nlohmann_json/nlohmann_jsonConfig.cmake (found version "3.11.2") 
-- Found Eigen3: /home/pcy/micromamba/envs/humble/include/eigen3 (found version "3.4.0") 
-- Found X11: /home/pcy/micromamba/envs/humble/include   
-- Looking for XOpenDisplay in /home/pcy/micromamba/envs/humble/lib/libX11.so;/home/pcy/micromamba/envs/humble/lib/libXext.so
-- Looking for XOpenDisplay in /home/pcy/micromamba/envs/humble/lib/libX11.so;/home/pcy/micromamba/envs/humble/lib/libXext.so - found
-- Looking for gethostbyname
-- Looking for gethostbyname - found
-- Looking for connect
-- Looking for connect - found
-- Looking for remove
-- Looking for remove - found
-- Looking for shmat
-- Looking for shmat - found
-- Looking for IceConnectionNumber in ICE
-- Looking for IceConnectionNumber in ICE - found
-- Found EXPAT: /home/pcy/micromamba/envs/humble/lib/libexpat.so (found version "2.5.0") 
-- Found double-conversion: /home/pcy/micromamba/envs/humble/lib/libdouble-conversion.so  
-- Found LZ4: /home/pcy/micromamba/envs/humble/lib/liblz4.so (found version "1.9.4") 
-- Found LZMA: /home/pcy/micromamba/envs/humble/lib/liblzma.so (found version "5.2.6") 
-- Found JPEG: /home/pcy/micromamba/envs/humble/lib/libjpeg.so (found version "90") 
-- Found TIFF: /home/pcy/micromamba/envs/humble/lib/libtiff.so (found version "4.4.0")  
-- Found Freetype: /home/pcy/micromamba/envs/humble/lib/libfreetype.so (found version "2.12.1") 
-- Could NOT find OpenGL (missing: OPENGL_opengl_LIBRARY OPENGL_glx_LIBRARY OpenGL) 
-- Eigen found (include: /home/pcy/micromamba/envs/humble/include/eigen3, version: 3.4.0)
-- Could NOT find OpenGL (missing: OPENGL_opengl_LIBRARY OPENGL_glx_LIBRARY OpenGL) 
-- Found Qhull version 8.0.2
-- Could NOT find OpenGL (missing: OPENGL_opengl_LIBRARY OPENGL_glx_LIBRARY OpenGL) 
-- looking for PCL_KDTREE
-- Found PCL_KDTREE: /home/pcy/micromamba/envs/humble/lib/libpcl_kdtree.so  
-- looking for PCL_OCTREE
-- Found PCL_OCTREE: /home/pcy/micromamba/envs/humble/lib/libpcl_octree.so  
-- looking for PCL_SEARCH
-- Found PCL_SEARCH: /home/pcy/micromamba/envs/humble/lib/libpcl_search.so  
-- looking for PCL_SAMPLE_CONSENSUS
-- Found PCL_SAMPLE_CONSENSUS: /home/pcy/micromamba/envs/humble/lib/libpcl_sample_consensus.so  
-- looking for PCL_FILTERS
-- Found PCL_FILTERS: /home/pcy/micromamba/envs/humble/lib/libpcl_filters.so  
-- looking for PCL_2D
-- Found PCL_2D: /home/pcy/micromamba/envs/humble/include/pcl-1.12  
-- looking for PCL_GEOMETRY
-- Found PCL_GEOMETRY: /home/pcy/micromamba/envs/humble/include/pcl-1.12  
-- looking for PCL_IO
-- Found PCL_IO: /home/pcy/micromamba/envs/humble/lib/libpcl_io.so  
-- looking for PCL_FEATURES
-- Found PCL_FEATURES: /home/pcy/micromamba/envs/humble/lib/libpcl_features.so  
-- looking for PCL_ML
-- Found PCL_ML: /home/pcy/micromamba/envs/humble/lib/libpcl_ml.so  
-- looking for PCL_SEGMENTATION
-- Found PCL_SEGMENTATION: /home/pcy/micromamba/envs/humble/lib/libpcl_segmentation.so  
-- looking for PCL_VISUALIZATION
-- Found PCL_VISUALIZATION: /home/pcy/micromamba/envs/humble/lib/libpcl_visualization.so  
-- looking for PCL_SURFACE
-- Found PCL_SURFACE: /home/pcy/micromamba/envs/humble/lib/libpcl_surface.so  
-- looking for PCL_REGISTRATION
-- Found PCL_REGISTRATION: /home/pcy/micromamba/envs/humble/lib/libpcl_registration.so  
-- looking for PCL_KEYPOINTS
-- Found PCL_KEYPOINTS: /home/pcy/micromamba/envs/humble/lib/libpcl_keypoints.so  
-- looking for PCL_TRACKING
-- Found PCL_TRACKING: /home/pcy/micromamba/envs/humble/lib/libpcl_tracking.so  
-- looking for PCL_RECOGNITION
-- Found PCL_RECOGNITION: /home/pcy/micromamba/envs/humble/lib/libpcl_recognition.so  
-- looking for PCL_STEREO
-- Found PCL_STEREO: /home/pcy/micromamba/envs/humble/lib/libpcl_stereo.so  
-- looking for PCL_OUTOFCORE
-- Found PCL_OUTOFCORE: /home/pcy/micromamba/envs/humble/lib/libpcl_outofcore.so  
-- looking for PCL_PEOPLE
-- Found PCL_PEOPLE: /home/pcy/micromamba/envs/humble/lib/libpcl_people.so  
-- Found PCL: pcl_common;pcl_kdtree;pcl_octree;pcl_search;pcl_sample_consensus;pcl_filters;pcl_io;pcl_features;pcl_ml;pcl_segmentation;pcl_visualization;pcl_surface;pcl_registration;pcl_keypoints;pcl_tracking;pcl_recognition;pcl_stereo;pcl_outofcore;pcl_people;Boost::system;Boost::filesystem;Boost::date_time;Boost::iostreams;VTK::ChartsCore;VTK::CommonColor;VTK::CommonComputationalGeometry;VTK::CommonCore;VTK::CommonDataModel;VTK::CommonExecutionModel;VTK::CommonMath;VTK::CommonMisc;VTK::CommonTransforms;VTK::FiltersCore;VTK::FiltersExtraction;VTK::FiltersGeneral;VTK::FiltersGeometry;VTK::FiltersModeling;VTK::FiltersSources;VTK::ImagingCore;VTK::ImagingSources;VTK::InteractionImage;VTK::InteractionStyle;VTK::InteractionWidgets;VTK::IOCore;VTK::IOGeometry;VTK::IOImage;VTK::IOLegacy;VTK::IOPLY;VTK::RenderingAnnotation;VTK::RenderingCore;VTK::RenderingContext2D;VTK::RenderingLOD;VTK::RenderingFreeType;VTK::ViewsCore;VTK::ViewsContext2D;VTK::RenderingOpenGL2;VTK::GUISupportQt;FLANN::FLANN;QHULL::QHULL  
-- Found Boost: /home/pcy/micromamba/envs/humble/lib/cmake/Boost-1.78.0/BoostConfig.cmake (found suitable version "1.78.0", minimum required is "1.5") found components: system 
-- Found Boost: /home/pcy/micromamba/envs/humble/lib/cmake/Boost-1.78.0/BoostConfig.cmake (found suitable version "1.78.0", minimum required is "1.5") found components: system thread 
-- Check if compiler accepts -pthread
-- Check if compiler accepts -pthread - yes
-- Checking for module 'libusb-1.0'
--   Found libusb-1.0, version 1.0.26
-- Found Libusb1: /home/pcy/micromamba/envs/humble/lib/libusb-1.0.so  
-- NOTE: You have VRPN_USE_LOCAL_HIDAPI enabled, but VRPN_USE_HID disabled: HIDAPI will only be built if you enable HID support for VRPN
-- Found I2CDEV: /home/pcy/micromamba/envs/humble/x86_64-conda-linux-gnu/sysroot/usr/include  
-- Looking for C++ include linux/joystick.h
-- Looking for C++ include linux/joystick.h - found
-- Looking for C++ include linux/input.h
-- Looking for C++ include linux/input.h - found
-- Found quatlib: quat  
-- Found Python3: /home/pcy/micromamba/envs/humble/bin/python3.10 (found version "3.10.9") found components: Interpreter Development Development.Module Development.Embed 
-- pybind11 v2.11.0 dev1
-- Performing Test HAS_FLTO
-- Performing Test HAS_FLTO - Success
-- Configuring done (7.7s)
-- Generating done (0.1s)
-- Build files have been written to: /home/pcy/Documents/ros2_ws/build/motion_capture_tracking
[ 17%] [32mBuilding CXX object deps/librigidbodytracker/CMakeFiles/librigidbodytracker.dir/src/rigid_body_tracker.cpp.o[0m
[ 17%] [32mBuilding CXX object deps/libmotioncapture/deps/qualisys_cpp_sdk/CMakeFiles/qualisys_cpp_sdk.dir/Network.cpp.o[0m
[ 17%] [32mBuilding C object deps/libmotioncapture/deps/vrpn/quat/CMakeFiles/quat.dir/matrix.c.o[0m
[ 17%] [32mBuilding C object deps/libmotioncapture/deps/vrpn/quat/CMakeFiles/quat.dir/vector.c.o[0m
[ 19%] [32mBuilding CXX object deps/libmotioncapture/deps/qualisys_cpp_sdk/CMakeFiles/qualisys_cpp_sdk.dir/RTPacket.cpp.o[0m
[ 17%] [32mBuilding CXX object deps/libmotioncapture/deps/vicon-datastream-sdk/CMakeFiles/ViconDataStreamSDK_CPP.dir/Vicon/CrossMarket/DataStream/ViconDataStreamSDKCore/CoreClient.cpp.o[0m
[ 17%] [32mBuilding CXX object deps/libmotioncapture/deps/qualisys_cpp_sdk/CMakeFiles/qualisys_cpp_sdk.dir/Markup.cpp.o[0m
[ 17%] [32mBuilding C object deps/libmotioncapture/deps/vrpn/quat/CMakeFiles/quat.dir/xyzquat.c.o[0m
[ 19%] [32mBuilding CXX object deps/libmotioncapture/deps/vicon-datastream-sdk/CMakeFiles/ViconDataStreamSDK_CPP.dir/Vicon/CrossMarket/DataStream/ViconDataStreamSDKCore/CoreClientTimingLog.cpp.o[0m
[ 19%] [32mBuilding CXX object deps/libmotioncapture/deps/vicon-datastream-sdk/CMakeFiles/ViconDataStreamSDK_CPP.dir/Vicon/CrossMarket/DataStream/ViconDataStreamSDKCoreUtils/ClientUtils.cpp.o[0m
[ 17%] [32mBuilding CXX object deps/libmotioncapture/deps/qualisys_cpp_sdk/CMakeFiles/qualisys_cpp_sdk.dir/RTProtocol.cpp.o[0m
[ 17%] [32mBuilding C object deps/libmotioncapture/deps/vrpn/quat/CMakeFiles/quat.dir/quat.c.o[0m
[ 22%] [32mBuilding CXX object deps/libmotioncapture/deps/vicon-datastream-sdk/CMakeFiles/ViconDataStreamSDK_CPP.dir/Vicon/CrossMarket/DataStream/ViconDataStreamSDKCoreUtils/AxisMapping.cpp.o[0m
[ 22%] [32mBuilding CXX object deps/libmotioncapture/deps/vicon-datastream-sdk/CMakeFiles/ViconDataStreamSDK_CPP.dir/Vicon/CrossMarket/DataStream/ViconDataStreamSDKCore/WirelessConfiguration.cpp.o[0m
[ 24%] [32mBuilding CXX object deps/libmotioncapture/deps/vicon-datastream-sdk/CMakeFiles/ViconDataStreamSDK_CPP.dir/Vicon/CrossMarket/DataStream/ViconCGStreamClientSDK/CGClient.cpp.o[0m
[ 25%] [32mBuilding CXX object deps/libmotioncapture/deps/vicon-datastream-sdk/CMakeFiles/ViconDataStreamSDK_CPP.dir/Vicon/CrossMarket/DataStream/ViconCGStreamClient/ViconCGStreamClient.cpp.o[0m
[ 27%] [32mBuilding CXX object deps/libmotioncapture/deps/vicon-datastream-sdk/CMakeFiles/ViconDataStreamSDK_CPP.dir/Vicon/CrossMarket/DataStream/ViconCGStreamClient/CGStreamReaderWriter.cpp.o[0m
[ 29%] [32mBuilding CXX object deps/libmotioncapture/deps/vicon-datastream-sdk/CMakeFiles/ViconDataStreamSDK_CPP.dir/Vicon/CrossMarket/DataStream/ViconCGStreamClient/ViconCGStreamBayer.cpp.o[0m
[ 30%] [32mBuilding CXX object deps/libmotioncapture/deps/vicon-datastream-sdk/CMakeFiles/ViconDataStreamSDK_CPP.dir/Vicon/CrossMarket/DataStream/ViconDataStreamSDK_CPP/DataStreamClient.cpp.o[0m
[ 32%] [32m[1mLinking C static library libquat.a[0m
[ 32%] Built target quat
[ 33%] [32mBuilding CXX object deps/libmotioncapture/deps/vrpn/CMakeFiles/vrpn.dir/vrpn_Analog.C.o[0m
[ 35%] [32mBuilding CXX object deps/libmotioncapture/deps/vrpn/CMakeFiles/vrpn.dir/vrpn_Analog_Output.C.o[0m
[ 37%] [32mBuilding CXX object deps/libmotioncapture/deps/vrpn/CMakeFiles/vrpn.dir/vrpn_Assert.C.o[0m
[ 38%] [32mBuilding CXX object deps/libmotioncapture/deps/vrpn/CMakeFiles/vrpn.dir/vrpn_Auxiliary_Logger.C.o[0m
[ 40%] [32mBuilding CXX object deps/libmotioncapture/deps/vrpn/CMakeFiles/vrpn.dir/vrpn_BaseClass.C.o[0m
[ 41%] [32mBuilding CXX object deps/libmotioncapture/deps/vrpn/CMakeFiles/vrpn.dir/vrpn_Button.C.o[0m
[ 43%] [32mBuilding CXX object deps/libmotioncapture/deps/vrpn/CMakeFiles/vrpn.dir/vrpn_Connection.C.o[0m
[ 45%] [32mBuilding CXX object deps/libmotioncapture/deps/vrpn/CMakeFiles/vrpn.dir/vrpn_Dial.C.o[0m
[ 46%] [32mBuilding CXX object deps/libmotioncapture/deps/vrpn/CMakeFiles/vrpn.dir/vrpn_EndpointContainer.C.o[0m
[ 48%] [32mBuilding CXX object deps/libmotioncapture/deps/vrpn/CMakeFiles/vrpn.dir/vrpn_FileConnection.C.o[0m
[ 50%] [32mBuilding CXX object deps/libmotioncapture/deps/vrpn/CMakeFiles/vrpn.dir/vrpn_FileController.C.o[0m
[ 51%] [32mBuilding CXX object deps/libmotioncapture/deps/vrpn/CMakeFiles/vrpn.dir/vrpn_ForceDevice.C.o[0m
[ 53%] [32mBuilding CXX object deps/libmotioncapture/deps/vrpn/CMakeFiles/vrpn.dir/vrpn_Forwarder.C.o[0m
[ 54%] [32mBuilding CXX object deps/libmotioncapture/deps/vrpn/CMakeFiles/vrpn.dir/vrpn_ForwarderController.C.o[0m
[ 56%] [32mBuilding CXX object deps/libmotioncapture/deps/vrpn/CMakeFiles/vrpn.dir/vrpn_FunctionGenerator.C.o[0m
[ 58%] [32mBuilding CXX object deps/libmotioncapture/deps/vrpn/CMakeFiles/vrpn.dir/vrpn_Imager.C.o[0m
[ 59%] [32mBuilding CXX object deps/libmotioncapture/deps/vrpn/CMakeFiles/vrpn.dir/vrpn_LamportClock.C.o[0m
[ 61%] [32mBuilding CXX object deps/libmotioncapture/deps/vrpn/CMakeFiles/vrpn.dir/vrpn_Mutex.C.o[0m
[ 62%] [32mBuilding CXX object deps/libmotioncapture/deps/vrpn/CMakeFiles/vrpn.dir/vrpn_Poser.C.o[0m
[ 64%] [32mBuilding CXX object deps/libmotioncapture/deps/vrpn/CMakeFiles/vrpn.dir/vrpn_RedundantTransmission.C.o[0m
[ 66%] [32mBuilding CXX object deps/libmotioncapture/deps/vrpn/CMakeFiles/vrpn.dir/vrpn_Serial.C.o[0m
[ 67%] [32mBuilding CXX object deps/libmotioncapture/deps/vrpn/CMakeFiles/vrpn.dir/vrpn_SerialPort.C.o[0m
[ 69%] [32mBuilding CXX object deps/libmotioncapture/deps/vrpn/CMakeFiles/vrpn.dir/vrpn_Shared.C.o[0m
[ 70%] [32mBuilding CXX object deps/libmotioncapture/deps/vrpn/CMakeFiles/vrpn.dir/vrpn_SharedObject.C.o[0m
[ 72%] [32mBuilding CXX object deps/libmotioncapture/deps/vrpn/CMakeFiles/vrpn.dir/vrpn_Sound.C.o[0m
[ 74%] [32mBuilding CXX object deps/libmotioncapture/deps/vrpn/CMakeFiles/vrpn.dir/vrpn_Text.C.o[0m
[ 75%] [32mBuilding CXX object deps/libmotioncapture/deps/vrpn/CMakeFiles/vrpn.dir/vrpn_Thread.C.o[0m
[ 77%] [32mBuilding CXX object deps/libmotioncapture/deps/vrpn/CMakeFiles/vrpn.dir/vrpn_Tracker.C.o[0m
[ 79%] [32m[1mLinking CXX static library libvrpn.a[0m
[ 79%] Built target vrpn
[ 80%] [32m[1mLinking CXX static library libqualisys_cpp_sdk.a[0m
[ 80%] Built target qualisys_cpp_sdk
[ 82%] [32m[1mLinking CXX static library libViconDataStreamSDK_CPP.a[0m
[ 82%] Built target ViconDataStreamSDK_CPP
[ 87%] [32mBuilding CXX object deps/libmotioncapture/CMakeFiles/libmotioncapture.dir/src/qualisys.cpp.o[0m
[ 88%] [32mBuilding CXX object deps/libmotioncapture/CMakeFiles/libmotioncapture.dir/src/optitrack.cpp.o[0m
[ 88%] [32mBuilding CXX object deps/libmotioncapture/CMakeFiles/libmotioncapture.dir/src/testmocap.cpp.o[0m
[ 90%] [32mBuilding CXX object deps/libmotioncapture/CMakeFiles/libmotioncapture.dir/src/motioncapture.cpp.o[0m
[ 90%] [32mBuilding CXX object deps/libmotioncapture/CMakeFiles/libmotioncapture.dir/src/vicon.cpp.o[0m
[ 91%] [32mBuilding CXX object deps/libmotioncapture/CMakeFiles/libmotioncapture.dir/src/vrpn.cpp.o[0m
[ 93%] [32mBuilding CXX object deps/libmotioncapture/CMakeFiles/libmotioncapture.dir/src/fzmotion.cpp.o[0m
[ 95%] [32m[1mLinking CXX static library liblibrigidbodytracker.a[0m
[ 95%] Built target librigidbodytracker
[ 96%] [32m[1mLinking CXX static library liblibmotioncapture.a[0m
[ 96%] Built target libmotioncapture
[ 98%] [32mBuilding CXX object CMakeFiles/motion_capture_tracking_node.dir/src/motion_capture_tracking_node.cpp.o[0m
[100%] [32m[1mLinking CXX executable motion_capture_tracking_node[0m
[100%] Built target motion_capture_tracking_node
-- Install configuration: ""
-- Execute custom install script
-- Symlinking: /home/pcy/Documents/ros2_ws/install/motion_capture_tracking/lib/motion_capture_tracking/motion_capture_tracking_node
-- Symlinking: /home/pcy/Documents/ros2_ws/install/motion_capture_tracking/share/motion_capture_tracking//launch/launch.py
-- Symlinking: /home/pcy/Documents/ros2_ws/install/motion_capture_tracking/share/motion_capture_tracking//launch/node.launch
-- Symlinking: /home/pcy/Documents/ros2_ws/install/motion_capture_tracking/share/motion_capture_tracking//config/cfg.yaml
-- Symlinking: /home/pcy/Documents/ros2_ws/install/motion_capture_tracking/share/motion_capture_tracking//config/rviz.rviz
-- Symlinking: /home/pcy/Documents/ros2_ws/install/motion_capture_tracking/share/ament_index/resource_index/package_run_dependencies/motion_capture_tracking
-- Symlinking: /home/pcy/Documents/ros2_ws/install/motion_capture_tracking/share/ament_index/resource_index/parent_prefix_path/motion_capture_tracking
-- Symlinking: /home/pcy/Documents/ros2_ws/install/motion_capture_tracking/share/motion_capture_tracking/environment/ament_prefix_path.sh
-- Symlinking: /home/pcy/Documents/ros2_ws/install/motion_capture_tracking/share/motion_capture_tracking/environment/ament_prefix_path.dsv
-- Symlinking: /home/pcy/Documents/ros2_ws/install/motion_capture_tracking/share/motion_capture_tracking/environment/path.sh
-- Symlinking: /home/pcy/Documents/ros2_ws/install/motion_capture_tracking/share/motion_capture_tracking/environment/path.dsv
-- Symlinking: /home/pcy/Documents/ros2_ws/install/motion_capture_tracking/share/motion_capture_tracking/local_setup.bash
-- Symlinking: /home/pcy/Documents/ros2_ws/install/motion_capture_tracking/share/motion_capture_tracking/local_setup.sh
-- Symlinking: /home/pcy/Documents/ros2_ws/install/motion_capture_tracking/share/motion_capture_tracking/local_setup.zsh
-- Symlinking: /home/pcy/Documents/ros2_ws/install/motion_capture_tracking/share/motion_capture_tracking/local_setup.dsv
-- Symlinking: /home/pcy/Documents/ros2_ws/install/motion_capture_tracking/share/motion_capture_tracking/package.dsv
-- Symlinking: /home/pcy/Documents/ros2_ws/install/motion_capture_tracking/share/ament_index/resource_index/packages/motion_capture_tracking
-- Symlinking: /home/pcy/Documents/ros2_ws/install/motion_capture_tracking/share/motion_capture_tracking/cmake/motion_capture_trackingConfig.cmake
-- Symlinking: /home/pcy/Documents/ros2_ws/install/motion_capture_tracking/share/motion_capture_tracking/cmake/motion_capture_trackingConfig-version.cmake
-- Symlinking: /home/pcy/Documents/ros2_ws/install/motion_capture_tracking/share/motion_capture_tracking/package.xml
