-- The C compiler identification is GNU 11.3.0
-- The CXX compiler identification is GNU 11.3.0
-- Detecting C compiler ABI info
-- Detecting C compiler ABI info - done
-- Check for working C compiler: /home/pcy/micromamba/envs/humble/bin/x86_64-conda-linux-gnu-cc - skipped
-- Detecting C compile features
-- Detecting C compile features - done
-- Detecting CXX compiler ABI info
-- Detecting CXX compiler ABI info - done
-- Check for working CXX compiler: /home/pcy/micromamba/envs/humble/bin/x86_64-conda-linux-gnu-c++ - skipped
-- Detecting CXX compile features
-- Detecting CXX compile features - done
-- Found ament_cmake: 1.3.3 (/home/pcy/micromamba/envs/humble/share/ament_cmake/cmake)
-- Found Python3: /home/pcy/micromamba/envs/humble/bin/python3.10 (found version "3.10.9") found components: Interpreter 
-- Override CMake install command with custom implementation using symlinks instead of copying resources
-- Configuring done (1.3s)
-- Generating done (0.0s)
-- Build files have been written to: /home/pcy/Documents/ros2_ws/build/crazyflie_sim
Built target ament_cmake_python_symlink_crazyflie_sim_setup
Built target ament_cmake_python_symlink_crazyflie_sim
running install_scripts
running egg_info
creating crazyflie_sim.egg-info
writing crazyflie_sim.egg-info/PKG-INFO
/home/pcy/micromamba/envs/humble/lib/python3.10/site-packages/setuptools/command/install.py:34: SetuptoolsDeprecationWarning: setup.py install is deprecated. Use build and pip and other standards-based tools.
  warnings.warn(
running egg_info
writing dependency_links to crazyflie_sim.egg-info/dependency_links.txt
writing crazyflie_sim.egg-info/PKG-INFO
writing entry points to crazyflie_sim.egg-info/entry_points.txt
writing dependency_links to crazyflie_sim.egg-info/dependency_links.txt
writing top-level names to crazyflie_sim.egg-info/top_level.txt
writing manifest file 'crazyflie_sim.egg-info/SOURCES.txt'
writing entry points to crazyflie_sim.egg-info/entry_points.txt
reading manifest file 'crazyflie_sim.egg-info/SOURCES.txt'
writing manifest file 'crazyflie_sim.egg-info/SOURCES.txt'
Built target ament_cmake_python_build_crazyflie_sim_egg
writing top-level names to crazyflie_sim.egg-info/top_level.txt
reading manifest file 'crazyflie_sim.egg-info/SOURCES.txt'
writing manifest file 'crazyflie_sim.egg-info/SOURCES.txt'
Installing crazyflie_server script to scripts
Built target ament_cmake_python_build_crazyflie_sim_scripts
-- Install configuration: ""
-- Execute custom install script
-- Symlinking: /home/pcy/Documents/ros2_ws/install/crazyflie_sim/share/crazyflie_sim/environment/pythonpath.sh
-- Symlinking: /home/pcy/Documents/ros2_ws/install/crazyflie_sim/share/crazyflie_sim/environment/pythonpath.dsv
-- Symlinking: /home/pcy/Documents/ros2_ws/install/crazyflie_sim/lib/python3.10/site-packages/crazyflie_sim-2.0.0-py3.10.egg-info/PKG-INFO
-- Symlinking: /home/pcy/Documents/ros2_ws/install/crazyflie_sim/lib/python3.10/site-packages/crazyflie_sim-2.0.0-py3.10.egg-info/SOURCES.txt
-- Symlinking: /home/pcy/Documents/ros2_ws/install/crazyflie_sim/lib/python3.10/site-packages/crazyflie_sim-2.0.0-py3.10.egg-info/dependency_links.txt
-- Symlinking: /home/pcy/Documents/ros2_ws/install/crazyflie_sim/lib/python3.10/site-packages/crazyflie_sim-2.0.0-py3.10.egg-info/entry_points.txt
-- Symlinking: /home/pcy/Documents/ros2_ws/install/crazyflie_sim/lib/python3.10/site-packages/crazyflie_sim-2.0.0-py3.10.egg-info/top_level.txt
-- Symlinking: /home/pcy/Documents/ros2_ws/install/crazyflie_sim/lib/crazyflie_sim//crazyflie_server
-- Symlinking: /home/pcy/Documents/ros2_ws/install/crazyflie_sim/lib/python3.10/site-packages/crazyflie_sim/__init__.py
-- Symlinking: /home/pcy/Documents/ros2_ws/install/crazyflie_sim/lib/python3.10/site-packages/crazyflie_sim/backend/none.py
-- Symlinking: /home/pcy/Documents/ros2_ws/install/crazyflie_sim/lib/python3.10/site-packages/crazyflie_sim/backend/np.py
-- Symlinking: /home/pcy/Documents/ros2_ws/install/crazyflie_sim/lib/python3.10/site-packages/crazyflie_sim/crazyflie_server.py
-- Symlinking: /home/pcy/Documents/ros2_ws/install/crazyflie_sim/lib/python3.10/site-packages/crazyflie_sim/crazyflie_sil.py
-- Symlinking: /home/pcy/Documents/ros2_ws/install/crazyflie_sim/lib/python3.10/site-packages/crazyflie_sim/sim_data_types.py
-- Symlinking: /home/pcy/Documents/ros2_ws/install/crazyflie_sim/lib/python3.10/site-packages/crazyflie_sim/visualization/README.md
-- Symlinking: /home/pcy/Documents/ros2_ws/install/crazyflie_sim/lib/python3.10/site-packages/crazyflie_sim/visualization/blender.py
-- Symlinking: /home/pcy/Documents/ros2_ws/install/crazyflie_sim/lib/python3.10/site-packages/crazyflie_sim/visualization/data/README.md
-- Symlinking: /home/pcy/Documents/ros2_ws/install/crazyflie_sim/lib/python3.10/site-packages/crazyflie_sim/visualization/data/env/abandoned_greenhouse.jpg
-- Symlinking: /home/pcy/Documents/ros2_ws/install/crazyflie_sim/lib/python3.10/site-packages/crazyflie_sim/visualization/data/env/aerodynamics_workshop.jpg
-- Symlinking: /home/pcy/Documents/ros2_ws/install/crazyflie_sim/lib/python3.10/site-packages/crazyflie_sim/visualization/data/env/aviation_museum.jpg
-- Symlinking: /home/pcy/Documents/ros2_ws/install/crazyflie_sim/lib/python3.10/site-packages/crazyflie_sim/visualization/data/env/crosswalk.jpg
-- Symlinking: /home/pcy/Documents/ros2_ws/install/crazyflie_sim/lib/python3.10/site-packages/crazyflie_sim/visualization/data/env/derelict_overpass.jpg
-- Symlinking: /home/pcy/Documents/ros2_ws/install/crazyflie_sim/lib/python3.10/site-packages/crazyflie_sim/visualization/data/env/env.jpg
-- Symlinking: /home/pcy/Documents/ros2_ws/install/crazyflie_sim/lib/python3.10/site-packages/crazyflie_sim/visualization/data/env/lago_disola.jpg
-- Symlinking: /home/pcy/Documents/ros2_ws/install/crazyflie_sim/lib/python3.10/site-packages/crazyflie_sim/visualization/data/env/lake_pier.jpg
-- Symlinking: /home/pcy/Documents/ros2_ws/install/crazyflie_sim/lib/python3.10/site-packages/crazyflie_sim/visualization/data/env/machine_shop.jpg
-- Symlinking: /home/pcy/Documents/ros2_ws/install/crazyflie_sim/lib/python3.10/site-packages/crazyflie_sim/visualization/data/env/museumplein.jpg
-- Symlinking: /home/pcy/Documents/ros2_ws/install/crazyflie_sim/lib/python3.10/site-packages/crazyflie_sim/visualization/data/env/peppermint_powerplant.jpg
-- Symlinking: /home/pcy/Documents/ros2_ws/install/crazyflie_sim/lib/python3.10/site-packages/crazyflie_sim/visualization/data/env/studio_garden.jpg
-- Symlinking: /home/pcy/Documents/ros2_ws/install/crazyflie_sim/lib/python3.10/site-packages/crazyflie_sim/visualization/data/model/cf.mtl
-- Symlinking: /home/pcy/Documents/ros2_ws/install/crazyflie_sim/lib/python3.10/site-packages/crazyflie_sim/visualization/data/model/cf.obj
-- Symlinking: /home/pcy/Documents/ros2_ws/install/crazyflie_sim/lib/python3.10/site-packages/crazyflie_sim/visualization/pdf.py
-- Symlinking: /home/pcy/Documents/ros2_ws/install/crazyflie_sim/lib/python3.10/site-packages/crazyflie_sim/visualization/record_states.py
-- Symlinking: /home/pcy/Documents/ros2_ws/install/crazyflie_sim/lib/python3.10/site-packages/crazyflie_sim/visualization/rviz.py
-- Symlinking: /home/pcy/Documents/ros2_ws/install/crazyflie_sim/share/ament_index/resource_index/package_run_dependencies/crazyflie_sim
-- Symlinking: /home/pcy/Documents/ros2_ws/install/crazyflie_sim/share/ament_index/resource_index/parent_prefix_path/crazyflie_sim
-- Symlinking: /home/pcy/Documents/ros2_ws/install/crazyflie_sim/share/crazyflie_sim/environment/ament_prefix_path.sh
-- Symlinking: /home/pcy/Documents/ros2_ws/install/crazyflie_sim/share/crazyflie_sim/environment/ament_prefix_path.dsv
-- Symlinking: /home/pcy/Documents/ros2_ws/install/crazyflie_sim/share/crazyflie_sim/environment/path.sh
-- Symlinking: /home/pcy/Documents/ros2_ws/install/crazyflie_sim/share/crazyflie_sim/environment/path.dsv
-- Symlinking: /home/pcy/Documents/ros2_ws/install/crazyflie_sim/share/crazyflie_sim/local_setup.bash
-- Symlinking: /home/pcy/Documents/ros2_ws/install/crazyflie_sim/share/crazyflie_sim/local_setup.sh
-- Symlinking: /home/pcy/Documents/ros2_ws/install/crazyflie_sim/share/crazyflie_sim/local_setup.zsh
-- Symlinking: /home/pcy/Documents/ros2_ws/install/crazyflie_sim/share/crazyflie_sim/local_setup.dsv
-- Symlinking: /home/pcy/Documents/ros2_ws/install/crazyflie_sim/share/crazyflie_sim/package.dsv
-- Symlinking: /home/pcy/Documents/ros2_ws/install/crazyflie_sim/share/ament_index/resource_index/packages/crazyflie_sim
-- Symlinking: /home/pcy/Documents/ros2_ws/install/crazyflie_sim/share/crazyflie_sim/cmake/crazyflie_simConfig.cmake
-- Symlinking: /home/pcy/Documents/ros2_ws/install/crazyflie_sim/share/crazyflie_sim/cmake/crazyflie_simConfig-version.cmake
-- Symlinking: /home/pcy/Documents/ros2_ws/install/crazyflie_sim/share/crazyflie_sim/package.xml
Listing 'lib/python3.10/site-packages/crazyflie_sim'...
Can't list 'lib/python3.10/site-packages/crazyflie_sim'
