[1.276s] Invoking command in '/home/pcy/Documents/ros2_ws/build/crazyflie_py': AMENT_PREFIX_PATH=/home/pcy/Documents/ros2_ws/install/crazyflie_interfaces:${AMENT_PREFIX_PATH} CMAKE_PREFIX_PATH=/home/pcy/Documents/ros2_ws/install/crazyflie_interfaces:${CMAKE_PREFIX_PATH} CONDA_PROMPT_MODIFIER=(humble) LD_LIBRARY_PATH=/home/pcy/Documents/ros2_ws/install/crazyflie_interfaces/lib:${LD_LIBRARY_PATH} PYTHONPATH=/home/pcy/Documents/ros2_ws/build/crazyflie_py/prefix_override:/home/pcy/Documents/ros2_ws/install/crazyflie_py/lib/python3.10/site-packages:/home/pcy/Documents/ros2_ws/install/crazyflie_interfaces/lib/python3.10/site-packages:${PYTHONPATH} /home/pcy/micromamba/envs/humble/bin/python3.10 setup.py develop --editable --build-directory /home/pcy/Documents/ros2_ws/build/crazyflie_py/build --no-deps install_data
[1.859s] running develop
[1.859s] /home/pcy/micromamba/envs/humble/lib/python3.10/site-packages/setuptools/command/easy_install.py:144: EasyInstallDeprecationWarning: easy_install command is deprecated. Use build and pip and other standards-based tools.
[1.859s]   warnings.warn(
[1.966s] /home/pcy/micromamba/envs/humble/lib/python3.10/site-packages/setuptools/command/install.py:34: SetuptoolsDeprecationWarning: setup.py install is deprecated. Use build and pip and other standards-based tools.
[1.966s]   warnings.warn(
[2.202s] running egg_info
[2.202s] creating crazyflie_py.egg-info
[2.249s] writing crazyflie_py.egg-info/PKG-INFO
[2.286s] writing dependency_links to crazyflie_py.egg-info/dependency_links.txt
[2.476s] writing requirements to crazyflie_py.egg-info/requires.txt
[2.516s] writing top-level names to crazyflie_py.egg-info/top_level.txt
[2.516s] writing manifest file 'crazyflie_py.egg-info/SOURCES.txt'
[2.574s] reading manifest file 'crazyflie_py.egg-info/SOURCES.txt'
[2.575s] writing manifest file 'crazyflie_py.egg-info/SOURCES.txt'
[2.622s] running build_ext
[2.622s] Creating /home/pcy/Documents/ros2_ws/install/crazyflie_py/lib/python3.10/site-packages/crazyflie-py.egg-link (link to .)
[2.623s] 
[2.623s] Installed /home/pcy/Documents/ros2_ws/build/crazyflie_py
[2.623s] running install_data
[2.623s] creating /home/pcy/Documents/ros2_ws/install/crazyflie_py/share/ament_index
[2.623s] creating /home/pcy/Documents/ros2_ws/install/crazyflie_py/share/ament_index/resource_index
[2.623s] creating /home/pcy/Documents/ros2_ws/install/crazyflie_py/share/ament_index/resource_index/packages
[2.623s] copying resource/crazyflie_py -> /home/pcy/Documents/ros2_ws/install/crazyflie_py/share/ament_index/resource_index/packages
[2.623s] copying package.xml -> /home/pcy/Documents/ros2_ws/install/crazyflie_py/share/crazyflie_py
[2.658s] Invoked command in '/home/pcy/Documents/ros2_ws/build/crazyflie_py' returned '0': AMENT_PREFIX_PATH=/home/pcy/Documents/ros2_ws/install/crazyflie_interfaces:${AMENT_PREFIX_PATH} CMAKE_PREFIX_PATH=/home/pcy/Documents/ros2_ws/install/crazyflie_interfaces:${CMAKE_PREFIX_PATH} CONDA_PROMPT_MODIFIER=(humble) LD_LIBRARY_PATH=/home/pcy/Documents/ros2_ws/install/crazyflie_interfaces/lib:${LD_LIBRARY_PATH} PYTHONPATH=/home/pcy/Documents/ros2_ws/build/crazyflie_py/prefix_override:/home/pcy/Documents/ros2_ws/install/crazyflie_py/lib/python3.10/site-packages:/home/pcy/Documents/ros2_ws/install/crazyflie_interfaces/lib/python3.10/site-packages:${PYTHONPATH} /home/pcy/micromamba/envs/humble/bin/python3.10 setup.py develop --editable --build-directory /home/pcy/Documents/ros2_ws/build/crazyflie_py/build --no-deps install_data
